\BOOKMARK [1][-]{section.1}{\376\377\000I\000n\000t\000r\000o\000d\000u\000\347\000\343\000o}{}% 1
\BOOKMARK [1][-]{section.2}{\376\377\000F\000u\000n\000d\000a\000m\000e\000n\000t\000o\000s\000\040\000T\000e\000\363\000r\000i\000c\000o\000s}{}% 2
\BOOKMARK [2][-]{subsection.2.1}{\376\377\000E\000q\000u\000a\000\347\000\365\000e\000s\000\040\000d\000e\000\040\000M\000a\000x\000w\000e\000l\000l\000\040\000e\000m\000\040\000C\000o\000o\000r\000d\000e\000n\000a\000d\000a\000s\000\040\000C\000i\000l\000\355\000n\000d\000r\000i\000c\000a\000s}{section.2}% 3
\BOOKMARK [2][-]{subsection.2.2}{\376\377\000M\000o\000d\000o\000s\000\040\000d\000e\000\040\000P\000r\000o\000p\000a\000g\000a\000\347\000\343\000o}{section.2}% 4
\BOOKMARK [3][-]{subsubsection.2.2.1}{\376\377\000M\000o\000d\000o\000s\000\040\000T\000r\000a\000n\000s\000v\000e\000r\000s\000a\000i\000s\000\040\000E\000l\000\351\000t\000r\000i\000c\000o\000s\000\040\000\050\000T\000E\000\051}{subsection.2.2}% 5
\BOOKMARK [3][-]{subsubsection.2.2.2}{\376\377\000M\000o\000d\000o\000s\000\040\000T\000r\000a\000n\000s\000v\000e\000r\000s\000a\000i\000s\000\040\000M\000a\000g\000n\000\351\000t\000i\000c\000o\000s\000\040\000\050\000T\000M\000\051}{subsection.2.2}% 6
\BOOKMARK [2][-]{subsection.2.3}{\376\377\000C\000o\000n\000d\000i\000\347\000\365\000e\000s\000\040\000d\000e\000\040\000C\000o\000n\000t\000o\000r\000n\000o\000\040\000e\000\040\000F\000r\000e\000q\000u\000\352\000n\000c\000i\000a\000s\000\040\000d\000e\000\040\000C\000o\000r\000t\000e}{section.2}% 7
\BOOKMARK [3][-]{subsubsection.2.3.1}{\376\377\000M\000o\000d\000o\000s\000\040\000T\000E}{subsection.2.3}% 8
\BOOKMARK [3][-]{subsubsection.2.3.2}{\376\377\000M\000o\000d\000o\000s\000\040\000T\000M}{subsection.2.3}% 9
\BOOKMARK [2][-]{subsection.2.4}{\376\377\000F\000r\000e\000q\000u\000\352\000n\000c\000i\000a\000s\000\040\000d\000e\000\040\000C\000o\000r\000t\000e}{section.2}% 10
\BOOKMARK [1][-]{section.3}{\376\377\000P\000r\000o\000p\000a\000g\000a\000\347\000\343\000o\000\040\000e\000\040\000I\000m\000p\000e\000d\000\342\000n\000c\000i\000a\000s}{}% 11
\BOOKMARK [2][-]{subsection.3.1}{\376\377\000C\000o\000n\000s\000t\000a\000n\000t\000e\000\040\000d\000e\000\040\000P\000r\000o\000p\000a\000g\000a\000\347\000\343\000o}{section.3}% 12
\BOOKMARK [2][-]{subsection.3.2}{\376\377\000I\000m\000p\000e\000d\000\342\000n\000c\000i\000a\000\040\000C\000a\000r\000a\000c\000t\000e\000r\000\355\000s\000t\000i\000c\000a}{section.3}% 13
\BOOKMARK [3][-]{subsubsection.3.2.1}{\376\377\000M\000o\000d\000o\000s\000\040\000T\000E}{subsection.3.2}% 14
\BOOKMARK [3][-]{subsubsection.3.2.2}{\376\377\000M\000o\000d\000o\000s\000\040\000T\000M}{subsection.3.2}% 15
\BOOKMARK [1][-]{section.4}{\376\377\000C\000o\000e\000f\000i\000c\000i\000e\000n\000t\000e\000s\000\040\000d\000e\000\040\000R\000e\000f\000l\000e\000x\000\343\000o\000\040\000e\000\040\000T\000r\000a\000n\000s\000m\000i\000s\000s\000\343\000o}{}% 16
\BOOKMARK [2][-]{subsection.4.1}{\376\377\000D\000e\000s\000c\000o\000n\000t\000i\000n\000u\000i\000d\000a\000d\000e\000s\000\040\000e\000m\000\040\000G\000u\000i\000a\000s\000\040\000C\000i\000l\000\355\000n\000d\000r\000i\000c\000o\000s}{section.4}% 17
\BOOKMARK [2][-]{subsection.4.2}{\376\377\000C\000o\000e\000f\000i\000c\000i\000e\000n\000t\000e\000\040\000d\000e\000\040\000R\000e\000f\000l\000e\000x\000\343\000o}{section.4}% 18
\BOOKMARK [2][-]{subsection.4.3}{\376\377\000C\000o\000e\000f\000i\000c\000i\000e\000n\000t\000e\000\040\000d\000e\000\040\000T\000r\000a\000n\000s\000m\000i\000s\000s\000\343\000o}{section.4}% 19
\BOOKMARK [1][-]{section.5}{\376\377\000M\000a\000t\000r\000i\000z\000\040\000d\000e\000\040\000E\000s\000p\000a\000l\000h\000a\000m\000e\000n\000t\000o}{}% 20
\BOOKMARK [2][-]{subsection.5.1}{\376\377\000D\000e\000f\000i\000n\000i\000\347\000\343\000o\000\040\000d\000a\000\040\000M\000a\000t\000r\000i\000z\000\040\000S}{section.5}% 21
\BOOKMARK [2][-]{subsection.5.2}{\376\377\000I\000n\000t\000e\000r\000p\000r\000e\000t\000a\000\347\000\343\000o\000\040\000F\000\355\000s\000i\000c\000a}{section.5}% 22
\BOOKMARK [2][-]{subsection.5.3}{\376\377\000P\000r\000o\000p\000r\000i\000e\000d\000a\000d\000e\000s\000\040\000d\000a\000\040\000M\000a\000t\000r\000i\000z\000\040\000S}{section.5}% 23
\BOOKMARK [3][-]{subsubsection.5.3.1}{\376\377\000C\000o\000n\000s\000e\000r\000v\000a\000\347\000\343\000o\000\040\000d\000e\000\040\000E\000n\000e\000r\000g\000i\000a}{subsection.5.3}% 24
\BOOKMARK [3][-]{subsubsection.5.3.2}{\376\377\000R\000e\000c\000i\000p\000r\000o\000c\000i\000d\000a\000d\000e}{subsection.5.3}% 25
\BOOKMARK [1][-]{section.6}{\376\377\000C\000\341\000l\000c\000u\000l\000o\000\040\000P\000r\000\341\000t\000i\000c\000o\000\040\000d\000o\000s\000\040\000P\000a\000r\000\342\000m\000e\000t\000r\000o\000s\000\040\000S}{}% 26
\BOOKMARK [2][-]{subsection.6.1}{\376\377\000M\000o\000d\000e\000l\000o\000\040\000d\000e\000\040\000C\000a\000v\000i\000d\000a\000d\000e\000\040\000R\000e\000s\000s\000o\000n\000a\000n\000t\000e}{section.6}% 27
\BOOKMARK [3][-]{subsubsection.6.1.1}{\376\377\000S\0001\0001\000\040\000-\000\040\000R\000e\000f\000l\000e\000x\000\343\000o}{subsection.6.1}% 28
\BOOKMARK [3][-]{subsubsection.6.1.2}{\376\377\000S\0002\0001\000\040\000-\000\040\000T\000r\000a\000n\000s\000m\000i\000s\000s\000\343\000o}{subsection.6.1}% 29
\BOOKMARK [2][-]{subsection.6.2}{\376\377\000E\000f\000e\000i\000t\000o\000s\000\040\000d\000e\000\040\000M\000\372\000l\000t\000i\000p\000l\000o\000s\000\040\000M\000o\000d\000o\000s}{section.6}% 30
\BOOKMARK [1][-]{section.7}{\376\377\000I\000m\000p\000l\000e\000m\000e\000n\000t\000a\000\347\000\343\000o\000\040\000C\000o\000m\000p\000u\000t\000a\000c\000i\000o\000n\000a\000l}{}% 31
\BOOKMARK [2][-]{subsection.7.1}{\376\377\000A\000l\000g\000o\000r\000i\000t\000m\000o\000\040\000p\000a\000r\000a\000\040\000C\000\341\000l\000c\000u\000l\000o\000\040\000d\000e\000\040\000S\0001\0001}{section.7}% 32
\BOOKMARK [2][-]{subsection.7.2}{\376\377\000A\000l\000g\000o\000r\000i\000t\000m\000o\000\040\000p\000a\000r\000a\000\040\000C\000\341\000l\000c\000u\000l\000o\000\040\000d\000e\000\040\000S\0002\0001}{section.7}% 33
\BOOKMARK [1][-]{section.8}{\376\377\000V\000a\000l\000i\000d\000a\000\347\000\343\000o\000\040\000e\000\040\000C\000o\000m\000p\000a\000r\000a\000\347\000\343\000o}{}% 34
\BOOKMARK [2][-]{subsection.8.1}{\376\377\000C\000a\000s\000o\000s\000\040\000L\000i\000m\000i\000t\000e\000s}{section.8}% 35
\BOOKMARK [2][-]{subsection.8.2}{\376\377\000V\000e\000r\000i\000f\000i\000c\000a\000\347\000\365\000e\000s\000\040\000N\000u\000m\000\351\000r\000i\000c\000a\000s}{section.8}% 36
\BOOKMARK [1][-]{section.9}{\376\377\000A\000p\000l\000i\000c\000a\000\347\000\365\000e\000s\000\040\000P\000r\000\341\000t\000i\000c\000a\000s}{}% 37
\BOOKMARK [2][-]{subsection.9.1}{\376\377\000D\000e\000s\000i\000g\000n\000\040\000d\000e\000\040\000F\000i\000l\000t\000r\000o\000s}{section.9}% 38
\BOOKMARK [2][-]{subsection.9.2}{\376\377\000A\000n\000\341\000l\000i\000s\000e\000\040\000d\000e\000\040\000A\000n\000t\000e\000n\000a\000s}{section.9}% 39
\BOOKMARK [1][-]{section.10}{\376\377\000C\000o\000n\000c\000l\000u\000s\000\365\000e\000s}{}% 40
\BOOKMARK [1][-]{section.11}{\376\377\000R\000e\000f\000e\000r\000\352\000n\000c\000i\000a\000s}{}% 41
\BOOKMARK [1][-]{appendix.A}{\376\377\000T\000a\000b\000e\000l\000a\000\040\000d\000e\000\040\000Z\000e\000r\000o\000s\000\040\000d\000a\000s\000\040\000F\000u\000n\000\347\000\365\000e\000s\000\040\000d\000e\000\040\000B\000e\000s\000s\000e\000l}{}% 42
\BOOKMARK [1][-]{appendix.B}{\376\377\000C\000\363\000d\000i\000g\000o\000\040\000d\000e\000\040\000I\000m\000p\000l\000e\000m\000e\000n\000t\000a\000\347\000\343\000o}{}% 43
